生成启动时间为 2016/8/22 9:55:18。
     1>项目“E:\软件学习\Visual_Studio\0--VisualStudioProject\2016.8.22-----串口3\serial_port3\serial_port3\serial_port3.vcxproj”在节点 2 上(build 个目标)。
     1>InitializeBuildStatus:
         正在创建“Debug\serial_port3.unsuccessfulbuild”，因为已指定“AlwaysCreate”。
       ClCompile:
         所有输出均为最新。
         D:\Program Files (x86)\Microsoft Visual Studio 10.0\VC\bin\CL.exe /c /ZI /nologo /W3 /WX- /Od /Oy- /D WIN32 /D _WINDOWS /D _DEBUG /D _UNICODE /D UNICODE /D _AFXDLL /Gm /EHsc /RTC1 /MDd /GS /fp:precise /Zc:wchar_t /Zc:forScope /Yu"StdAfx.h" /Fp"Debug\serial_port3.pch" /Fo"Debug\\" /Fd"Debug\vc100.pdb" /Gd /TP /analyze- /errorReport:prompt serial_port3Dlg.cpp
         serial_port3Dlg.cpp
       ResourceCompile:
         所有输出均为最新。
       ManifestResourceCompile:
         所有输出均为最新。
       Link:
         D:\Program Files (x86)\Microsoft Visual Studio 10.0\VC\bin\link.exe /ERRORREPORT:PROMPT /OUT:"E:\软件学习\Visual_Studio\0--VisualStudioProject\2016.8.22-----串口3\serial_port3\Debug\serial_port3.exe" /INCREMENTAL /NOLOGO /MANIFEST /ManifestFile:"Debug\serial_port3.exe.intermediate.manifest" /MANIFESTUAC:"level='asInvoker' uiAccess='false'" /DEBUG /PDB:"E:\软件学习\Visual_Studio\0--VisualStudioProject\2016.8.22-----串口3\serial_port3\Debug\serial_port3.pdb" /SUBSYSTEM:WINDOWS /TLBID:1 /ENTRY:"wWinMainCRTStartup" /DYNAMICBASE /NXCOMPAT /IMPLIB:"E:\软件学习\Visual_Studio\0--VisualStudioProject\2016.8.22-----串口3\serial_port3\Debug\serial_port3.lib" /MACHINE:X86 Debug\serial_port3.res
         Debug\serial_port3.exe.embed.manifest.res
         Debug\mscomm1.obj
         Debug\serial_port3.obj
         Debug\serial_port3Dlg.obj
         Debug\stdafx.obj
       Manifest:
         C:\Program Files (x86)\Microsoft SDKs\Windows\v7.0A\bin\mt.exe /nologo /verbose /out:"Debug\serial_port3.exe.embed.manifest" /manifest Debug\serial_port3.exe.intermediate.manifest "D:\Program Files (x86)\Microsoft Visual Studio 10.0\VC\Include\Manifest\dpiaware.manifest"
         所有输出均为最新。
       LinkEmbedManifest:
         所有输出均为最新。
         serial_port3.vcxproj -> E:\软件学习\Visual_Studio\0--VisualStudioProject\2016.8.22-----串口3\serial_port3\Debug\serial_port3.exe
       FinalizeBuildStatus:
         正在删除文件“Debug\serial_port3.unsuccessfulbuild”。
         正在对“Debug\serial_port3.lastbuildstate”执行 Touch 任务。
     1>已完成生成项目“E:\软件学习\Visual_Studio\0--VisualStudioProject\2016.8.22-----串口3\serial_port3\serial_port3\serial_port3.vcxproj”(build 个目标)的操作。

生成成功。

已用时间 00:00:03.49
