生成启动时间为 2016/8/29 9:17:39。
     1>项目“E:\软件学习\Visual_Studio\0--VisualStudioProject\2016.8.26-----Time_Counter\Time_Counter\Time_Counter\Time_Counter.vcxproj”在节点 2 上(build 个目标)。
     1>InitializeBuildStatus:
         正在创建“Debug\Time_Counter.unsuccessfulbuild”，因为已指定“AlwaysCreate”。
       ClCompile:
         所有输出均为最新。
         D:\Program Files (x86)\Microsoft Visual Studio 10.0\VC\bin\CL.exe /c /ZI /nologo /W3 /WX- /Od /Oy- /D WIN32 /D _WINDOWS /D _DEBUG /D _UNICODE /D UNICODE /D _AFXDLL /Gm /EHsc /RTC1 /MDd /GS /fp:precise /Zc:wchar_t /Zc:forScope /Yu"StdAfx.h" /Fp"Debug\Time_Counter.pch" /Fo"Debug\\" /Fd"Debug\vc100.pdb" /Gd /TP /analyze- /errorReport:prompt Time_CounterDlg.cpp
         Time_CounterDlg.cpp
       ResourceCompile:
         所有输出均为最新。
       ManifestResourceCompile:
         所有输出均为最新。
       Link:
         D:\Program Files (x86)\Microsoft Visual Studio 10.0\VC\bin\link.exe /ERRORREPORT:PROMPT /OUT:"E:\软件学习\Visual_Studio\0--VisualStudioProject\2016.8.26-----Time_Counter\Time_Counter\Debug\Time_Counter.exe" /INCREMENTAL /NOLOGO /MANIFEST /ManifestFile:"Debug\Time_Counter.exe.intermediate.manifest" /MANIFESTUAC:"level='asInvoker' uiAccess='false'" /DEBUG /PDB:"E:\软件学习\Visual_Studio\0--VisualStudioProject\2016.8.26-----Time_Counter\Time_Counter\Debug\Time_Counter.pdb" /SUBSYSTEM:WINDOWS /TLBID:1 /ENTRY:"wWinMainCRTStartup" /DYNAMICBASE /NXCOMPAT /IMPLIB:"E:\软件学习\Visual_Studio\0--VisualStudioProject\2016.8.26-----Time_Counter\Time_Counter\Debug\Time_Counter.lib" /MACHINE:X86 Debug\Time_Counter.res
         Debug\Time_Counter.exe.embed.manifest.res
         Debug\stdafx.obj
         Debug\Time_Counter.obj
         Debug\Time_CounterDlg.obj
       Manifest:
         C:\Program Files (x86)\Microsoft SDKs\Windows\v7.0A\bin\mt.exe /nologo /verbose /out:"Debug\Time_Counter.exe.embed.manifest" /manifest Debug\Time_Counter.exe.intermediate.manifest "D:\Program Files (x86)\Microsoft Visual Studio 10.0\VC\Include\Manifest\dpiaware.manifest"
         所有输出均为最新。
       LinkEmbedManifest:
         所有输出均为最新。
         Time_Counter.vcxproj -> E:\软件学习\Visual_Studio\0--VisualStudioProject\2016.8.26-----Time_Counter\Time_Counter\Debug\Time_Counter.exe
       FinalizeBuildStatus:
         正在删除文件“Debug\Time_Counter.unsuccessfulbuild”。
         正在对“Debug\Time_Counter.lastbuildstate”执行 Touch 任务。
     1>已完成生成项目“E:\软件学习\Visual_Studio\0--VisualStudioProject\2016.8.26-----Time_Counter\Time_Counter\Time_Counter\Time_Counter.vcxproj”(build 个目标)的操作。

生成成功。

已用时间 00:00:30.07
