生成启动时间为 2016/8/11 11:27:35。
     1>项目“E:\软件学习\Visual_Studio\VisualStudioProject\2016.8.10Hello World\HelloWord\HelloWord.vcxproj”在节点 2 上(build 个目标)。
     1>InitializeBuildStatus:
         正在创建“Debug\Hello World.unsuccessfulbuild”，因为已指定“AlwaysCreate”。
       ClCompile:
         D:\Program Files (x86)\Microsoft Visual Studio 10.0\VC\bin\CL.exe /c /Zi /nologo /W3 /WX- /Od /Oy- /D WIN32 /D _DEBUG /D _CONSOLE /D _UNICODE /D UNICODE /Gm /EHsc /RTC1 /MDd /GS /fp:precise /Zc:wchar_t /Zc:forScope /Yc"StdAfx.h" /Fp"Debug\Hello World.pch" /Fo"Debug\\" /Fd"Debug\vc100.pdb" /Gd /TP /analyze- /errorReport:prompt stdafx.cpp
         stdafx.cpp
         D:\Program Files (x86)\Microsoft Visual Studio 10.0\VC\bin\CL.exe /c /Zi /clr /nologo /W3 /WX- /Od /Oy- /D WIN32 /D _DEBUG /D _CONSOLE /D _UNICODE /D UNICODE /Gm- /EHa /MDd /GS /fp:precise /Zc:wchar_t /Zc:forScope /Fo"Debug\\" /Fd"Debug\vc100.pdb" /Gd /TP /FU"C:\Program Files (x86)\Reference Assemblies\Microsoft\Framework\.NETFramework\v4.0\System.Core.dll" /FU"C:\Program Files (x86)\Reference Assemblies\Microsoft\Framework\.NETFramework\v4.0\System.Data.dll" /FU"C:\Program Files (x86)\Reference Assemblies\Microsoft\Framework\.NETFramework\v4.0\System.dll" /FU"C:\Program Files (x86)\Reference Assemblies\Microsoft\Framework\.NETFramework\v4.0\System.Drawing.dll" /FU"C:\Program Files (x86)\Reference Assemblies\Microsoft\Framework\.NETFramework\v4.0\System.Windows.Forms.dll" /FU"C:\Program Files (x86)\Reference Assemblies\Microsoft\Framework\.NETFramework\v4.0\System.Xml.dll" /analyze- /errorReport:prompt Main.cpp
         Main.cpp
     1>c:\program files (x86)\reference assemblies\microsoft\framework\.netframework\v4.0\system.core.dll : warning C4945: “ExtensionAttribute”: 无法从“c:\program files (x86)\reference assemblies\microsoft\framework\.netframework\v4.0\system.core.dll”导入符号: 因为“System::Runtime::CompilerServices::ExtensionAttribute”已从另一个程序集“mscorlib”导入
                 c:\windows\microsoft.net\framework\v4.0.30319\mscorlib.dll : 参见“System::Runtime::CompilerServices::ExtensionAttribute”的声明
                 使用最先看到的类型；重新排列导入程序集的顺序以使用当前类型
                 在导入类型“System.Runtime.CompilerServices.ExtensionAttribute”(从程序集“System.Core, Version=4.0.0.0, Culture=neutral, PublicKeyToken=b77a5c561934e089”中导入)时发生此诊断。
         D:\Program Files (x86)\Microsoft Visual Studio 10.0\VC\bin\CL.exe /c /Zi /nologo /W3 /WX- /Od /Oy- /D WIN32 /D _DEBUG /D _CONSOLE /D _UNICODE /D UNICODE /Gm /EHsc /RTC1 /MDd /GS /fp:precise /Zc:wchar_t /Zc:forScope /Fo"Debug\\" /Fd"Debug\vc100.pdb" /Gd /TP /analyze- /errorReport:prompt Main1.cpp
         Main1.cpp
       CoreResGen:
         没有相对于源文件而言已过期的资源。正在跳过资源生成操作。
       ManifestResourceCompile:
         C:\Program Files (x86)\Microsoft SDKs\Windows\v7.0A\bin\rc.exe /nologo /fo"Debug\Hello World.exe.embed.manifest.res" "Debug\Hello World_manifest.rc" 
       Link:
         D:\Program Files (x86)\Microsoft Visual Studio 10.0\VC\bin\link.exe /ERRORREPORT:PROMPT /OUT:"E:\软件学习\Visual_Studio\VisualStudioProject\2016.8.10Hello World\Debug\Hello World.exe" /INCREMENTAL /NOLOGO kernel32.lib user32.lib gdi32.lib winspool.lib comdlg32.lib advapi32.lib shell32.lib ole32.lib oleaut32.lib uuid.lib odbc32.lib odbccp32.lib /ASSEMBLYRESOURCE:Debug\HelloWord.Main.resources /MANIFEST /ManifestFile:"Debug\Hello World.exe.intermediate.manifest" /MANIFESTUAC:"level='asInvoker' uiAccess='false'" /DEBUG /PDB:"E:\软件学习\Visual_Studio\VisualStudioProject\2016.8.10Hello World\Debug\Hello World.pdb" /SUBSYSTEM:CONSOLE /TLBID:1 /DYNAMICBASE /NXCOMPAT /IMPLIB:"E:\软件学习\Visual_Studio\VisualStudioProject\2016.8.10Hello World\Debug\Hello World.lib" /MACHINE:X86 "Debug\Hello World.exe.embed.manifest.res"
         Debug\Main.obj
         Debug\Main1.obj
         Debug\stdafx.obj
       Manifest:
         C:\Program Files (x86)\Microsoft SDKs\Windows\v7.0A\bin\mt.exe /nologo /verbose /out:"Debug\Hello World.exe.embed.manifest" /manifest "Debug\Hello World.exe.intermediate.manifest"
         所有输出均为最新。
       LinkEmbedManifest:
         所有输出均为最新。
         HelloWord.vcxproj -> E:\软件学习\Visual_Studio\VisualStudioProject\2016.8.10Hello World\Debug\Hello World.exe
       FinalizeBuildStatus:
         正在删除文件“Debug\Hello World.unsuccessfulbuild”。
         正在对“Debug\Hello World.lastbuildstate”执行 Touch 任务。
     1>已完成生成项目“E:\软件学习\Visual_Studio\VisualStudioProject\2016.8.10Hello World\HelloWord\HelloWord.vcxproj”(build 个目标)的操作。

生成成功。

已用时间 00:00:07.93
