C51 COMPILER V8.16   BITMAP                                                                03/31/2010 14:07:51 PAGE 1   


C51 COMPILER V8.16, COMPILATION OF MODULE BITMAP
OBJECT MODULE PLACED IN .\Output\Bitmap.obj
COMPILER INVOKED BY: C:\Keil\C51\BIN\C51.EXE UserCode\Bitmap.c BROWSE INCDIR(..\..\LCD_Driver) DEBUG OBJECTEXTEND PRINT(
                    -.\Bitmap.lst) OBJECT(.\Output\Bitmap.obj)

line level    source

   1          
   2          
   3          code unsigned char Bitmap01[] = 
   4          {
   5          /*--  调入了一幅图像：E:\Mz LCD\MzLH06\code\LPC22XX_MzLH06_Demo\Project\Prj_MzLH06_Bitmap\UserCode\pic\001
             -.bmp  --*/
   6          /*--  宽度x高度=101x46  --*/
   7          /*--  宽度不是8的倍数，现调整为：宽度x高度=104x46  --*/
   8          0x00,0x00,0x00,0x00,0x00,0x00,0x00,0x00,0x18,0x00,0x00,0x00,0x00,0x00,0x00,0x00,
   9          0x00,0x00,0x00,0x00,0x00,0x64,0x00,0x00,0x00,0x00,0x00,0x00,0x00,0x00,0x00,0x00,
  10          0x00,0x00,0x86,0x00,0x00,0x00,0x00,0x00,0x00,0x00,0x00,0x00,0x00,0x00,0x00,0x82,
  11          0x00,0x00,0x20,0x00,0x00,0x00,0x00,0x00,0x00,0x00,0x00,0x01,0x03,0xFE,0x00,0xE0,
  12          0x00,0x00,0x00,0x03,0x00,0x00,0x00,0x01,0xFD,0x0F,0xE3,0xC3,0xB0,0x00,0x00,0x00,
  13          0x04,0xC0,0x00,0x00,0x03,0x07,0xBF,0xF0,0x76,0x10,0x00,0x00,0x00,0x0C,0x20,0x00,
  14          0x00,0x02,0x01,0xFF,0xF0,0x1C,0x10,0x00,0x80,0x00,0x08,0x20,0x00,0x00,0x02,0x01,
  15          0xFF,0xF0,0x0E,0x10,0x00,0xE0,0x0F,0xF8,0x10,0x00,0x00,0x02,0x03,0xFF,0xF8,0x03,
  16          0x10,0x00,0xB8,0x78,0xFE,0x17,0xF0,0x00,0x03,0x87,0xFF,0xF8,0x01,0xB8,0x00,0x0D,
  17          0xC1,0xFF,0xBC,0x18,0x00,0x00,0xFF,0xFF,0xF8,0x00,0xFF,0x80,0x07,0x01,0xFF,0xF0,
  18          0x08,0x00,0x00,0x0F,0xFF,0xF8,0xF8,0xFF,0x80,0x0E,0x01,0xFF,0xF0,0x08,0x00,0x00,
  19          0x1F,0xFF,0xF8,0x8C,0x7F,0xC0,0x18,0x03,0xFF,0xF8,0x08,0x00,0x00,0x1F,0xFF,0xF8,
  20          0x04,0x7F,0xC0,0xB0,0x03,0xFF,0xFC,0x38,0x00,0x00,0x3F,0xFF,0xF8,0x04,0x7F,0xC0,
  21          0xE0,0x03,0xFF,0xFF,0xE0,0x00,0x00,0x3F,0xE1,0xF8,0x00,0x3F,0xC0,0xE3,0xE3,0xFF,
  22          0xFE,0x00,0x00,0x00,0x3F,0xC0,0xF0,0xE0,0x3F,0x80,0xC6,0x23,0xFF,0xFF,0x00,0x00,
  23          0x00,0x3F,0x00,0x73,0xBC,0x20,0x00,0xC4,0x03,0xFF,0xFF,0x00,0x00,0x00,0x3F,0x00,
  24          0x36,0x04,0x20,0x00,0xC4,0x03,0xFF,0xFF,0x80,0x00,0x00,0x3E,0x00,0x34,0x06,0x20,
  25          0x00,0x80,0x03,0xF0,0xFF,0x80,0x00,0x00,0x3E,0x08,0x24,0x02,0x20,0x00,0x80,0xE1,
  26          0xE0,0x7F,0x80,0x00,0x00,0x3E,0x1C,0x38,0x03,0x20,0x00,0x87,0xB9,0xC0,0x1F,0x80,
  27          0x00,0x00,0x3E,0x1C,0x30,0x01,0x20,0x00,0x84,0x0D,0x80,0x1F,0x80,0x00,0x00,0x7E,
  28          0x00,0x30,0xC1,0x20,0x00,0x8C,0x05,0x80,0x0F,0x80,0x00,0x00,0xFF,0x00,0x30,0xC1,
  29          0x60,0x00,0x88,0x04,0x82,0x0F,0x80,0x00,0x01,0x85,0x80,0x50,0xC3,0x66,0x00,0x98,
  30          0x03,0x87,0x0F,0x80,0x00,0x7D,0x84,0xC0,0x98,0x02,0x7F,0x00,0x90,0x01,0x87,0x0F,
  31          0x80,0x00,0x7E,0xFC,0x3F,0x08,0x06,0x3F,0x80,0x90,0x61,0x80,0x0F,0xC0,0x01,0xE7,
  32          0xE0,0x00,0x0C,0x04,0xF9,0xF0,0xD0,0x61,0x80,0x1F,0xE0,0x03,0xCF,0xC0,0x00,0x07,
  33          0x1F,0xFC,0xF8,0xD8,0x61,0x40,0x34,0x30,0x03,0x91,0xC0,0x00,0x01,0xF8,0xE7,0x18,
  34          0xC8,0x03,0x20,0x64,0x37,0xC3,0x20,0xFF,0xFE,0x00,0x08,0x60,0x98,0x8C,0x02,0x1F,
  35          0x87,0xEF,0xC3,0xC1,0xC0,0x0F,0xE0,0x0C,0x60,0x78,0xE4,0x06,0x00,0x00,0xFC,0xF3,
  36          0x80,0xC0,0x60,0x7E,0x07,0xE0,0x38,0xFF,0x1C,0x00,0x00,0x7E,0x7B,0x80,0xC0,0xF0,
  37          0x0F,0x83,0xF8,0x38,0xE3,0xF0,0x00,0x00,0x71,0x39,0xC1,0xE0,0x60,0x01,0xE3,0xBE,
  38          0x70,0xC2,0x00,0x0F,0xFF,0xE0,0x99,0xC3,0xE0,0x00,0x0C,0x3F,0xFF,0x70,0xC6,0x00,
  39          0xFE,0x00,0x70,0x78,0xE6,0x70,0x00,0x1E,0x0F,0xFB,0xF0,0xFC,0x0F,0xC0,0xC0,0x60,
  40          0x38,0xF6,0x38,0x00,0x0C,0x07,0xF3,0xE0,0xF8,0x3E,0x01,0xE0,0x60,0x38,0x7F,0x3E,
  41          0x00,0x00,0x07,0xE7,0xF0,0xB8,0xF0,0x00,0xC0,0xF0,0x70,0x3F,0x9F,0xC0,0x00,0x0D,
  42          0xCF,0x30,0xFF,0x86,0x00,0x00,0xF8,0x70,0x3F,0xDF,0xF8,0x00,0x1E,0xDF,0x70,0xFE,
  43          0x0F,0x00,0x01,0xCC,0xE0,0x3B,0xFB,0xFF,0xE1,0xFF,0x7C,0xE0,0xFC,0x06,0x00,0x03,
  44          0x8D,0xE0,0x39,0xF7,0x6F,0xFF,0xEB,0xBB,0xE0,0xFC,0x00,0x00,0x0F,0x9F,0xC0,0x1C,
  45          0x77,0x6D,0xFF,0x6A,0xDF,0xC0
  46          };
  47          
  48          
  49          
  50          


MODULE INFORMATION:   STATIC OVERLAYABLE
C51 COMPILER V8.16   BITMAP                                                                03/31/2010 14:07:51 PAGE 2   

   CODE SIZE        =   ----    ----
   CONSTANT SIZE    =    598    ----
   XDATA SIZE       =   ----    ----
   PDATA SIZE       =   ----    ----
   DATA SIZE        =   ----    ----
   IDATA SIZE       =   ----    ----
   BIT SIZE         =   ----    ----
END OF MODULE INFORMATION.


C51 COMPILATION COMPLETE.  0 WARNING(S),  0 ERROR(S)
