生成启动时间为 2016/8/16 13:35:01。
     1>项目“E:\软件学习\Visual_Studio\0--VisualStudioProject\2016.8.15---addition\2016.8.15---addition\2016.8.15---addition.vcxproj”在节点 2 上(build 个目标)。
     1>InitializeBuildStatus:
         正在创建“Debug\2016.8.15---addition.unsuccessfulbuild”，因为已指定“AlwaysCreate”。
       ClCompile:
         所有输出均为最新。
         D:\Program Files (x86)\Microsoft Visual Studio 10.0\VC\bin\CL.exe /c /ZI /nologo /W3 /WX- /Od /Oy- /D WIN32 /D _WINDOWS /D _DEBUG /D _UNICODE /D UNICODE /D _AFXDLL /Gm /EHsc /RTC1 /MDd /GS /fp:precise /Zc:wchar_t /Zc:forScope /Yu"StdAfx.h" /Fp"Debug\2016.8.15---addition.pch" /Fo"Debug\\" /Fd"Debug\vc100.pdb" /Gd /TP /analyze- /errorReport:prompt "2016.8.15---addition.cpp" "2016.8.15---additionDlg.cpp" MyDialog.cpp
         MyDialog.cpp
         2016.8.15---additionDlg.cpp
         正在生成代码...
         正在编译...
         2016.8.15---addition.cpp
         正在生成代码...
       ResourceCompile:
         C:\Program Files (x86)\Microsoft SDKs\Windows\v7.0A\bin\rc.exe /D _DEBUG /D _UNICODE /D UNICODE /D _AFXDLL /l"0x0804" /IDebug\ /nologo /fo"Debug\2016.8.15---addition.res" 2016.8.15---addition.rc 
       ManifestResourceCompile:
         所有输出均为最新。
       Link:
         D:\Program Files (x86)\Microsoft Visual Studio 10.0\VC\bin\link.exe /ERRORREPORT:PROMPT /OUT:"E:\软件学习\Visual_Studio\0--VisualStudioProject\2016.8.15---addition\Debug\2016.8.15---addition.exe" /INCREMENTAL /NOLOGO /MANIFEST /ManifestFile:"Debug\2016.8.15---addition.exe.intermediate.manifest" /MANIFESTUAC:"level='asInvoker' uiAccess='false'" /DEBUG /PDB:"E:\软件学习\Visual_Studio\0--VisualStudioProject\2016.8.15---addition\Debug\2016.8.15---addition.pdb" /SUBSYSTEM:WINDOWS /TLBID:1 /ENTRY:"wWinMainCRTStartup" /DYNAMICBASE /NXCOMPAT /IMPLIB:"E:\软件学习\Visual_Studio\0--VisualStudioProject\2016.8.15---addition\Debug\2016.8.15---addition.lib" /MACHINE:X86 "Debug\2016.8.15---addition.res"
         "Debug\2016.8.15---addition.exe.embed.manifest.res"
         "Debug\2016.8.15---addition.obj"
         "Debug\2016.8.15---additionDlg.obj"
         Debug\MyDialog.obj
         Debug\stdafx.obj
       Manifest:
         C:\Program Files (x86)\Microsoft SDKs\Windows\v7.0A\bin\mt.exe /nologo /verbose /out:"Debug\2016.8.15---addition.exe.embed.manifest" /manifest "Debug\2016.8.15---addition.exe.intermediate.manifest" "D:\Program Files (x86)\Microsoft Visual Studio 10.0\VC\Include\Manifest\dpiaware.manifest"
         所有输出均为最新。
       LinkEmbedManifest:
         所有输出均为最新。
         2016.8.15---addition.vcxproj -> E:\软件学习\Visual_Studio\0--VisualStudioProject\2016.8.15---addition\Debug\2016.8.15---addition.exe
       FinalizeBuildStatus:
         正在删除文件“Debug\2016.8.15---addition.unsuccessfulbuild”。
         正在对“Debug\2016.8.15---addition.lastbuildstate”执行 Touch 任务。
     1>已完成生成项目“E:\软件学习\Visual_Studio\0--VisualStudioProject\2016.8.15---addition\2016.8.15---addition\2016.8.15---addition.vcxproj”(build 个目标)的操作。

生成成功。

已用时间 00:00:22.38
