C51 COMPILER V8.16   MAIN                                                                  03/31/2010 14:07:51 PAGE 1   


C51 COMPILER V8.16, COMPILATION OF MODULE MAIN
OBJECT MODULE PLACED IN .\Output\main.obj
COMPILER INVOKED BY: C:\Keil\C51\BIN\C51.EXE UserCode\main.c BROWSE INCDIR(..\..\LCD_Driver) DEBUG OBJECTEXTEND PRINT(.\
                    -main.lst) OBJECT(.\Output\main.obj)

line level    source

   1          //========================================================================
   2          //  工程名称：Bitmap
   3          //  作    者: xinqiang Zhang(小丑)  (email: xinqiang@Mzdesign.com.cn)    
   4          //  联系方式：QQ 644272644
   5          //      版权所有：北京铭正同创科技有限公司   www.mzdesign.com.cn
   6          //  适应芯片: MCS51 （本例选择AT89S52）
   7          //  编程环境: Keil C51
   8          //  实现功能: MzLH08模块的位图显示功能演示
   9          //
  10          //  系统要求: PC with CPU 233MHz,128MB RAM,
  11          //                      Keil uVision3（or later）
  12          //  组成文件:
  13          //      main.c          ----主程序文件
  14          //              Bitmap.c        ----利用字模工具制作的单色位图图像资源数组
  15          //              LCD_Dis.c
  16          //      LCD_Dis.h
  17          //                                      ----MzLH08模块的基本驱动程序
  18          //              LCD_Config.h----端口定义
  19          //      硬件连接:
  20          //              LCD CS              ---P1.0
  21          //              LCD SCK                 ---P1.2
  22          //              LCD SDA                 ---P1.1
  23          //              LCD RST                 ---P1.3
  24          //  端口定义请参考LCD_Config.h文件中的定义
  25          //
  26          //      CPU运行频率11.0592MHz   (每个指令为12周期)
  27          //
  28          //              LCD 供电请参考具体的模块是3.3V的还是5V模块
  29          //              在使用字模工具提取图像的字模时,请注意取模方式为横向取模,即点排列与LCD的点排列
  30          //      方向一致,就是从左到右自上到下的排列,每个byte的数据表示8个单色像素点
  31          //
  32          //              注意,由于位图显示时,MCU传送给LCD模块的数据量较大,请用户参考LCD模块的手册,以及
  33          //       LCD_Dis.c中的PutBitmap函数,以及具体使用的MCU的相关资料,以保证传输数据至LCD模块时
  34          //      模块中的缓冲区不至于益处而出现显示混乱的情况.
  35          //
  36          //  当前版本:  V1.00
  37          //  日期:  2010-02-10
  38          //  
  39          //  参考文件: 
  40          //  维护记录:
  41          //-------------------------------------------------------------------
  42          //  Version   2010-02-10-V10   Modified By    Xinqiang Zhang(小丑)
  43          //
  44          //========================================================================
  45          
  46          #include "LCD_Dis.h"
  47          #include "Bitmap.h"
  48          
  49          int main(void)
  50          {
  51   1              LCD_Init();
  52   1              SetBackLight(0);                                //设置背光的亮度等级为0
  53   1              ClrScreen();                                    //清屏
  54   1      
C51 COMPILER V8.16   MAIN                                                                  03/31/2010 14:07:51 PAGE 2   

  55   1              PutBitmap(10,10,101,46,Bitmap01);               //在坐标点10,10为左上角的位置显示尺寸大小为101X46点的位图
  56   1      
  57   1              SetBackLight(100);                              //设置背光打开
  58   1              
  59   1      
  60   1              while(1)
  61   1              {
  62   2                      ;       
  63   2              }
  64   1      }
  65          
  66          


MODULE INFORMATION:   STATIC OVERLAYABLE
   CODE SIZE        =     39    ----
   CONSTANT SIZE    =   ----    ----
   XDATA SIZE       =   ----    ----
   PDATA SIZE       =   ----    ----
   DATA SIZE        =   ----    ----
   IDATA SIZE       =   ----    ----
   BIT SIZE         =   ----    ----
END OF MODULE INFORMATION.


C51 COMPILATION COMPLETE.  0 WARNING(S),  0 ERROR(S)
