生成启动时间为 2016/8/15 10:55:21。
     1>项目“E:\软件学习\Visual_Studio\VisualStudioProject\2016.8.12-----窗口求根\窗口求根\窗口求根.vcxproj”在节点 2 上(build 个目标)。
     1>PrepareForBuild:
         正在创建目录“E:\软件学习\Visual_Studio\VisualStudioProject\2016.8.12-----窗口求根\Debug\”。
       InitializeBuildStatus:
         正在创建“Debug\窗口求根.unsuccessfulbuild”，因为已指定“AlwaysCreate”。
       ClCompile:
         D:\Program Files (x86)\Microsoft Visual Studio 10.0\VC\bin\CL.exe /c /ZI /nologo /W3 /WX- /Od /Oy- /D WIN32 /D _WINDOWS /D _DEBUG /D _UNICODE /D UNICODE /D _AFXDLL /Gm /EHsc /RTC1 /MDd /GS /fp:precise /Zc:wchar_t /Zc:forScope /Yc"StdAfx.h" /Fp"Debug\窗口求根.pch" /Fo"Debug\\" /Fd"Debug\vc100.pdb" /Gd /TP /analyze- /errorReport:prompt stdafx.cpp
         stdafx.cpp
         D:\Program Files (x86)\Microsoft Visual Studio 10.0\VC\bin\CL.exe /c /ZI /nologo /W3 /WX- /Od /Oy- /D WIN32 /D _WINDOWS /D _DEBUG /D _UNICODE /D UNICODE /D _AFXDLL /Gm /EHsc /RTC1 /MDd /GS /fp:precise /Zc:wchar_t /Zc:forScope /Yu"StdAfx.h" /Fp"Debug\窗口求根.pch" /Fo"Debug\\" /Fd"Debug\vc100.pdb" /Gd /TP /analyze- /errorReport:prompt ChildFrm.cpp ClassView.cpp FileView.cpp MainFrm.cpp OutputWnd.cpp PropertiesWnd.cpp ViewTree.cpp "窗口求根.cpp" "窗口求根Doc.cpp" "窗口求根View.cpp"
         窗口求根View.cpp
         窗口求根Doc.cpp
         窗口求根.cpp
         ViewTree.cpp
         PropertiesWnd.cpp
         OutputWnd.cpp
         MainFrm.cpp
         FileView.cpp
         ClassView.cpp
         ChildFrm.cpp
         正在生成代码...
       ResourceCompile:
         C:\Program Files (x86)\Microsoft SDKs\Windows\v7.0A\bin\rc.exe /D _DEBUG /D _UNICODE /D UNICODE /D _AFXDLL /l"0x0804" /IDebug\ /nologo /fo"Debug\窗口求根.res" "窗口求根.rc" 
       ManifestResourceCompile:
         C:\Program Files (x86)\Microsoft SDKs\Windows\v7.0A\bin\rc.exe /nologo /fo"Debug\窗口求根.exe.embed.manifest.res" "Debug\窗口求根_manifest.rc" 
       Link:
         D:\Program Files (x86)\Microsoft Visual Studio 10.0\VC\bin\link.exe /ERRORREPORT:PROMPT /OUT:"E:\软件学习\Visual_Studio\VisualStudioProject\2016.8.12-----窗口求根\Debug\窗口求根.exe" /INCREMENTAL /NOLOGO /MANIFEST /ManifestFile:"Debug\窗口求根.exe.intermediate.manifest" /MANIFESTUAC:"level='asInvoker' uiAccess='false'" /DEBUG /PDB:"E:\软件学习\Visual_Studio\VisualStudioProject\2016.8.12-----窗口求根\Debug\窗口求根.pdb" /SUBSYSTEM:WINDOWS /TLBID:1 /ENTRY:"wWinMainCRTStartup" /DYNAMICBASE /NXCOMPAT /IMPLIB:"E:\软件学习\Visual_Studio\VisualStudioProject\2016.8.12-----窗口求根\Debug\窗口求根.lib" /MACHINE:X86 "Debug\窗口求根.res"
         "Debug\窗口求根.exe.embed.manifest.res"
         Debug\ChildFrm.obj
         Debug\ClassView.obj
         Debug\FileView.obj
         Debug\MainFrm.obj
         Debug\OutputWnd.obj
         Debug\PropertiesWnd.obj
         Debug\stdafx.obj
         Debug\ViewTree.obj
         "Debug\窗口求根.obj"
         "Debug\窗口求根Doc.obj"
         "Debug\窗口求根View.obj"
       Manifest:
         C:\Program Files (x86)\Microsoft SDKs\Windows\v7.0A\bin\mt.exe /nologo /verbose /out:"Debug\窗口求根.exe.embed.manifest" /manifest "Debug\窗口求根.exe.intermediate.manifest" "D:\Program Files (x86)\Microsoft Visual Studio 10.0\VC\Include\Manifest\dpiaware.manifest"
         C:\Program Files (x86)\Microsoft SDKs\Windows\v7.0A\bin\rc.exe /nologo /fo"Debug\窗口求根.exe.embed.manifest.res" "Debug\窗口求根_manifest.rc" 
       LinkEmbedManifest:
         D:\Program Files (x86)\Microsoft Visual Studio 10.0\VC\bin\link.exe /ERRORREPORT:PROMPT /OUT:"E:\软件学习\Visual_Studio\VisualStudioProject\2016.8.12-----窗口求根\Debug\窗口求根.exe" /INCREMENTAL /NOLOGO /MANIFEST /ManifestFile:"Debug\窗口求根.exe.intermediate.manifest" /MANIFESTUAC:"level='asInvoker' uiAccess='false'" /DEBUG /PDB:"E:\软件学习\Visual_Studio\VisualStudioProject\2016.8.12-----窗口求根\Debug\窗口求根.pdb" /SUBSYSTEM:WINDOWS /TLBID:1 /ENTRY:"wWinMainCRTStartup" /DYNAMICBASE /NXCOMPAT /IMPLIB:"E:\软件学习\Visual_Studio\VisualStudioProject\2016.8.12-----窗口求根\Debug\窗口求根.lib" /MACHINE:X86 "Debug\窗口求根.res"
         "Debug\窗口求根.exe.embed.manifest.res"
         Debug\ChildFrm.obj
         Debug\ClassView.obj
         Debug\FileView.obj
         Debug\MainFrm.obj
         Debug\OutputWnd.obj
         Debug\PropertiesWnd.obj
         Debug\stdafx.obj
         Debug\ViewTree.obj
         "Debug\窗口求根.obj"
         "Debug\窗口求根Doc.obj"
         "Debug\窗口求根View.obj"
         窗口求根.vcxproj -> E:\软件学习\Visual_Studio\VisualStudioProject\2016.8.12-----窗口求根\Debug\窗口求根.exe
       FinalizeBuildStatus:
         正在删除文件“Debug\窗口求根.unsuccessfulbuild”。
         正在对“Debug\窗口求根.lastbuildstate”执行 Touch 任务。
     1>已完成生成项目“E:\软件学习\Visual_Studio\VisualStudioProject\2016.8.12-----窗口求根\窗口求根\窗口求根.vcxproj”(build 个目标)的操作。

生成成功。

已用时间 00:00:19.36
