生成启动时间为 2016/9/5 14:05:12。
     1>项目“E:\软件学习\Visual_Studio\0--VisualStudioProject\2016.9.5------Adition\Addition\Addition\Addition.vcxproj”在节点 2 上(build 个目标)。
     1>PrepareForBuild:
         正在创建目录“E:\软件学习\Visual_Studio\0--VisualStudioProject\2016.9.5------Adition\Addition\Debug\”。
       InitializeBuildStatus:
         正在创建“Debug\Addition.unsuccessfulbuild”，因为已指定“AlwaysCreate”。
       ClCompile:
         D:\Program Files (x86)\Microsoft Visual Studio 10.0\VC\bin\CL.exe /c /ZI /nologo /W3 /WX- /Od /Oy- /D WIN32 /D _WINDOWS /D _DEBUG /D _UNICODE /D UNICODE /D _AFXDLL /Gm /EHsc /RTC1 /MDd /GS /fp:precise /Zc:wchar_t /Zc:forScope /Yc"StdAfx.h" /Fp"Debug\Addition.pch" /Fo"Debug\\" /Fd"Debug\vc100.pdb" /Gd /TP /analyze- /errorReport:prompt stdafx.cpp
         stdafx.cpp
         D:\Program Files (x86)\Microsoft Visual Studio 10.0\VC\bin\CL.exe /c /ZI /nologo /W3 /WX- /Od /Oy- /D WIN32 /D _WINDOWS /D _DEBUG /D _UNICODE /D UNICODE /D _AFXDLL /Gm /EHsc /RTC1 /MDd /GS /fp:precise /Zc:wchar_t /Zc:forScope /Yu"StdAfx.h" /Fp"Debug\Addition.pch" /Fo"Debug\\" /Fd"Debug\vc100.pdb" /Gd /TP /analyze- /errorReport:prompt Addition.cpp AdditionDlg.cpp MyDialog.cpp
         MyDialog.cpp
         AdditionDlg.cpp
         Addition.cpp
         正在生成代码...
       ResourceCompile:
         C:\Program Files (x86)\Microsoft SDKs\Windows\v7.0A\bin\rc.exe /D _DEBUG /D _UNICODE /D UNICODE /D _AFXDLL /l"0x0804" /IDebug\ /nologo /fo"Debug\Addition.res" Addition.rc 
       ManifestResourceCompile:
         C:\Program Files (x86)\Microsoft SDKs\Windows\v7.0A\bin\rc.exe /nologo /fo"Debug\Addition.exe.embed.manifest.res" Debug\Addition_manifest.rc 
       Link:
         D:\Program Files (x86)\Microsoft Visual Studio 10.0\VC\bin\link.exe /ERRORREPORT:PROMPT /OUT:"E:\软件学习\Visual_Studio\0--VisualStudioProject\2016.9.5------Adition\Addition\Debug\Addition.exe" /INCREMENTAL /NOLOGO /MANIFEST /ManifestFile:"Debug\Addition.exe.intermediate.manifest" /MANIFESTUAC:"level='asInvoker' uiAccess='false'" /DEBUG /PDB:"E:\软件学习\Visual_Studio\0--VisualStudioProject\2016.9.5------Adition\Addition\Debug\Addition.pdb" /SUBSYSTEM:WINDOWS /TLBID:1 /ENTRY:"wWinMainCRTStartup" /DYNAMICBASE /NXCOMPAT /IMPLIB:"E:\软件学习\Visual_Studio\0--VisualStudioProject\2016.9.5------Adition\Addition\Debug\Addition.lib" /MACHINE:X86 Debug\Addition.res
         Debug\Addition.exe.embed.manifest.res
         Debug\Addition.obj
         Debug\AdditionDlg.obj
         Debug\MyDialog.obj
         Debug\stdafx.obj
       Manifest:
         C:\Program Files (x86)\Microsoft SDKs\Windows\v7.0A\bin\mt.exe /nologo /verbose /out:"Debug\Addition.exe.embed.manifest" /manifest Debug\Addition.exe.intermediate.manifest "D:\Program Files (x86)\Microsoft Visual Studio 10.0\VC\Include\Manifest\dpiaware.manifest"
         C:\Program Files (x86)\Microsoft SDKs\Windows\v7.0A\bin\rc.exe /nologo /fo"Debug\Addition.exe.embed.manifest.res" Debug\Addition_manifest.rc 
       LinkEmbedManifest:
         D:\Program Files (x86)\Microsoft Visual Studio 10.0\VC\bin\link.exe /ERRORREPORT:PROMPT /OUT:"E:\软件学习\Visual_Studio\0--VisualStudioProject\2016.9.5------Adition\Addition\Debug\Addition.exe" /INCREMENTAL /NOLOGO /MANIFEST /ManifestFile:"Debug\Addition.exe.intermediate.manifest" /MANIFESTUAC:"level='asInvoker' uiAccess='false'" /DEBUG /PDB:"E:\软件学习\Visual_Studio\0--VisualStudioProject\2016.9.5------Adition\Addition\Debug\Addition.pdb" /SUBSYSTEM:WINDOWS /TLBID:1 /ENTRY:"wWinMainCRTStartup" /DYNAMICBASE /NXCOMPAT /IMPLIB:"E:\软件学习\Visual_Studio\0--VisualStudioProject\2016.9.5------Adition\Addition\Debug\Addition.lib" /MACHINE:X86 Debug\Addition.res
         Debug\Addition.exe.embed.manifest.res
         Debug\Addition.obj
         Debug\AdditionDlg.obj
         Debug\MyDialog.obj
         Debug\stdafx.obj
         Addition.vcxproj -> E:\软件学习\Visual_Studio\0--VisualStudioProject\2016.9.5------Adition\Addition\Debug\Addition.exe
       FinalizeBuildStatus:
         正在删除文件“Debug\Addition.unsuccessfulbuild”。
         正在对“Debug\Addition.lastbuildstate”执行 Touch 任务。
     1>已完成生成项目“E:\软件学习\Visual_Studio\0--VisualStudioProject\2016.9.5------Adition\Addition\Addition\Addition.vcxproj”(build 个目标)的操作。

生成成功。

已用时间 00:00:37.83
