生成启动时间为 2016/8/15 15:29:39。
     1>项目“E:\软件学习\Visual_Studio\0--VisualStudioProject\FMC_experience\FMC_experience\FMC_experience.vcxproj”在节点 2 上(build 个目标)。
     1>PrepareForBuild:
         正在创建目录“E:\软件学习\Visual_Studio\0--VisualStudioProject\FMC_experience\Debug\”。
       InitializeBuildStatus:
         正在创建“Debug\FMC_experience.unsuccessfulbuild”，因为已指定“AlwaysCreate”。
       ClCompile:
         D:\Program Files (x86)\Microsoft Visual Studio 10.0\VC\bin\CL.exe /c /ZI /nologo /W3 /WX- /Od /Oy- /D WIN32 /D _WINDOWS /D _DEBUG /D _UNICODE /D UNICODE /D _AFXDLL /Gm /EHsc /RTC1 /MDd /GS /fp:precise /Zc:wchar_t /Zc:forScope /Yc"StdAfx.h" /Fp"Debug\FMC_experience.pch" /Fo"Debug\\" /Fd"Debug\vc100.pdb" /Gd /TP /analyze- /errorReport:prompt stdafx.cpp
         stdafx.cpp
         D:\Program Files (x86)\Microsoft Visual Studio 10.0\VC\bin\CL.exe /c /ZI /nologo /W3 /WX- /Od /Oy- /D WIN32 /D _WINDOWS /D _DEBUG /D _UNICODE /D UNICODE /D _AFXDLL /Gm /EHsc /RTC1 /MDd /GS /fp:precise /Zc:wchar_t /Zc:forScope /Yu"StdAfx.h" /Fp"Debug\FMC_experience.pch" /Fo"Debug\\" /Fd"Debug\vc100.pdb" /Gd /TP /analyze- /errorReport:prompt ClassView.cpp FileView.cpp FMC_experience.cpp FMC_experienceDoc.cpp FMC_experienceView.cpp MainFrm.cpp OutputWnd.cpp PropertiesWnd.cpp ViewTree.cpp
         ViewTree.cpp
         PropertiesWnd.cpp
         OutputWnd.cpp
         MainFrm.cpp
         FMC_experienceView.cpp
         FMC_experienceDoc.cpp
         FMC_experience.cpp
         FileView.cpp
         ClassView.cpp
         正在生成代码...
       ResourceCompile:
         C:\Program Files (x86)\Microsoft SDKs\Windows\v7.0A\bin\rc.exe /D _DEBUG /D _UNICODE /D UNICODE /D _AFXDLL /l"0x0804" /IDebug\ /nologo /fo"Debug\FMC_experience.res" FMC_experience.rc 
       ManifestResourceCompile:
         C:\Program Files (x86)\Microsoft SDKs\Windows\v7.0A\bin\rc.exe /nologo /fo"Debug\FMC_experience.exe.embed.manifest.res" Debug\FMC_experience_manifest.rc 
       Link:
         D:\Program Files (x86)\Microsoft Visual Studio 10.0\VC\bin\link.exe /ERRORREPORT:PROMPT /OUT:"E:\软件学习\Visual_Studio\0--VisualStudioProject\FMC_experience\Debug\FMC_experience.exe" /INCREMENTAL /NOLOGO /MANIFEST /ManifestFile:"Debug\FMC_experience.exe.intermediate.manifest" /MANIFESTUAC:"level='asInvoker' uiAccess='false'" /DEBUG /PDB:"E:\软件学习\Visual_Studio\0--VisualStudioProject\FMC_experience\Debug\FMC_experience.pdb" /SUBSYSTEM:WINDOWS /TLBID:1 /ENTRY:"wWinMainCRTStartup" /DYNAMICBASE /NXCOMPAT /IMPLIB:"E:\软件学习\Visual_Studio\0--VisualStudioProject\FMC_experience\Debug\FMC_experience.lib" /MACHINE:X86 Debug\FMC_experience.res
         Debug\FMC_experience.exe.embed.manifest.res
         Debug\ClassView.obj
         Debug\FileView.obj
         Debug\FMC_experience.obj
         Debug\FMC_experienceDoc.obj
         Debug\FMC_experienceView.obj
         Debug\MainFrm.obj
         Debug\OutputWnd.obj
         Debug\PropertiesWnd.obj
         Debug\stdafx.obj
         Debug\ViewTree.obj
       Manifest:
         C:\Program Files (x86)\Microsoft SDKs\Windows\v7.0A\bin\mt.exe /nologo /verbose /out:"Debug\FMC_experience.exe.embed.manifest" /manifest Debug\FMC_experience.exe.intermediate.manifest "D:\Program Files (x86)\Microsoft Visual Studio 10.0\VC\Include\Manifest\dpiaware.manifest"
         C:\Program Files (x86)\Microsoft SDKs\Windows\v7.0A\bin\rc.exe /nologo /fo"Debug\FMC_experience.exe.embed.manifest.res" Debug\FMC_experience_manifest.rc 
       LinkEmbedManifest:
         D:\Program Files (x86)\Microsoft Visual Studio 10.0\VC\bin\link.exe /ERRORREPORT:PROMPT /OUT:"E:\软件学习\Visual_Studio\0--VisualStudioProject\FMC_experience\Debug\FMC_experience.exe" /INCREMENTAL /NOLOGO /MANIFEST /ManifestFile:"Debug\FMC_experience.exe.intermediate.manifest" /MANIFESTUAC:"level='asInvoker' uiAccess='false'" /DEBUG /PDB:"E:\软件学习\Visual_Studio\0--VisualStudioProject\FMC_experience\Debug\FMC_experience.pdb" /SUBSYSTEM:WINDOWS /TLBID:1 /ENTRY:"wWinMainCRTStartup" /DYNAMICBASE /NXCOMPAT /IMPLIB:"E:\软件学习\Visual_Studio\0--VisualStudioProject\FMC_experience\Debug\FMC_experience.lib" /MACHINE:X86 Debug\FMC_experience.res
         Debug\FMC_experience.exe.embed.manifest.res
         Debug\ClassView.obj
         Debug\FileView.obj
         Debug\FMC_experience.obj
         Debug\FMC_experienceDoc.obj
         Debug\FMC_experienceView.obj
         Debug\MainFrm.obj
         Debug\OutputWnd.obj
         Debug\PropertiesWnd.obj
         Debug\stdafx.obj
         Debug\ViewTree.obj
         FMC_experience.vcxproj -> E:\软件学习\Visual_Studio\0--VisualStudioProject\FMC_experience\Debug\FMC_experience.exe
       FinalizeBuildStatus:
         正在删除文件“Debug\FMC_experience.unsuccessfulbuild”。
         正在对“Debug\FMC_experience.lastbuildstate”执行 Touch 任务。
     1>已完成生成项目“E:\软件学习\Visual_Studio\0--VisualStudioProject\FMC_experience\FMC_experience\FMC_experience.vcxproj”(build 个目标)的操作。

生成成功。

已用时间 00:00:19.31
