----------------begain------------------
Thread 139768415364864 running Thread 1 times139768406972160 running 1 times

Thread 139768415364864 running 2 times
Thread 139768406972160 running 2 times
Thread 139768415364864 running 3 times
Thread 139768406972160 running 3 times
Thread 139768415364864 running 4 timesThread 
139768406972160 running 4 times
Thread 139768415364864 running 5 times
Thread 139768406972160 running 5 times
Thread 139768415364864 running 6 times
Thread 139768415364864 running 7 times
Thread 139768415364864 running 8 times
Thread 139768415364864 running 9 times
Thread 139768415364864 running 10 times
Thread 139768406972160 running 6 times
Thread 139768406972160 running 7 times
Thread 139768406972160 running 8 times
Thread 139768406972160 running 9 times
Thread 139768406972160 running 10 times
main function running
-----------------end-------------------