生成启动时间为 2016/8/11 14:50:43。
     1>项目“E:\软件学习\Visual_Studio\VisualStudioProject\date_count2\date_count2\date_count2.vcxproj”在节点 2 上(build 个目标)。
     1>InitializeBuildStatus:
         正在创建“Debug\date_count2.unsuccessfulbuild”，因为已指定“AlwaysCreate”。
       ClCompile:
         所有输出均为最新。
         D:\Program Files (x86)\Microsoft Visual Studio 10.0\VC\bin\CL.exe /c /ZI /nologo /W3 /WX- /Od /Oy- /D WIN32 /D _DEBUG /D _CONSOLE /D _UNICODE /D UNICODE /Gm /EHsc /RTC1 /MDd /GS /fp:precise /Zc:wchar_t /Zc:forScope /Yu"StdAfx.h" /Fp"Debug\date_count2.pch" /Fo"Debug\\" /Fd"Debug\vc100.pdb" /Gd /TP /analyze- /errorReport:prompt date_count2.cpp
         date_count2.cpp
     1>e:\软件学习\visual_studio\visualstudioproject\date_count2\date_count2\date_count2.cpp(57): warning C4715: “check”: 不是所有的控件路径都返回值
       ManifestResourceCompile:
         所有输出均为最新。
       Link:
         D:\Program Files (x86)\Microsoft Visual Studio 10.0\VC\bin\link.exe /ERRORREPORT:PROMPT /OUT:"E:\软件学习\Visual_Studio\VisualStudioProject\date_count2\Debug\date_count2.exe" /INCREMENTAL /NOLOGO kernel32.lib user32.lib gdi32.lib winspool.lib comdlg32.lib advapi32.lib shell32.lib ole32.lib oleaut32.lib uuid.lib odbc32.lib odbccp32.lib /MANIFEST /ManifestFile:"Debug\date_count2.exe.intermediate.manifest" /MANIFESTUAC:"level='asInvoker' uiAccess='false'" /DEBUG /PDB:"E:\软件学习\Visual_Studio\VisualStudioProject\date_count2\Debug\date_count2.pdb" /SUBSYSTEM:CONSOLE /TLBID:1 /DYNAMICBASE /NXCOMPAT /IMPLIB:"E:\软件学习\Visual_Studio\VisualStudioProject\date_count2\Debug\date_count2.lib" /MACHINE:X86 Debug\date_count2.exe.embed.manifest.res
         Debug\date_count2.obj
         Debug\stdafx.obj
       Manifest:
         C:\Program Files (x86)\Microsoft SDKs\Windows\v7.0A\bin\mt.exe /nologo /verbose /out:"Debug\date_count2.exe.embed.manifest" /manifest Debug\date_count2.exe.intermediate.manifest
         所有输出均为最新。
       LinkEmbedManifest:
         所有输出均为最新。
         date_count2.vcxproj -> E:\软件学习\Visual_Studio\VisualStudioProject\date_count2\Debug\date_count2.exe
       FinalizeBuildStatus:
         正在删除文件“Debug\date_count2.unsuccessfulbuild”。
         正在对“Debug\date_count2.lastbuildstate”执行 Touch 任务。
     1>已完成生成项目“E:\软件学习\Visual_Studio\VisualStudioProject\date_count2\date_count2\date_count2.vcxproj”(build 个目标)的操作。

生成成功。

已用时间 00:00:01.66
